<?xml version="1.0" encoding="UTF-8"?>
<testsuite name="AddressServiceTest" tests="1" skipped="0" failures="0" errors="0" timestamp="2021-05-26T14:09:07" hostname="LAPTOP-Q9T3UUC8" time="0.342">
  <properties/>
  <testcase name="Json_Test()" classname="AddressServiceTest" time="0.342"/>
  <system-out><![CDATA[]]></system-out>
  <system-err><![CDATA[]]></system-err>
</testsuite>
