<?xml version="1.0" encoding="UTF-8"?>
<testsuite name="AddressServiceTest" tests="1" skipped="0" failures="0" errors="0" timestamp="2021-05-26T14:01:47" hostname="LAPTOP-Q9T3UUC8" time="0.301">
  <properties/>
  <testcase name="CSV_Test()" classname="AddressServiceTest" time="0.301"/>
  <system-out><![CDATA[address
city
email
firstName
lastName
phoneNo
state
zip
Chandi Mandir
Hapur
xyz@gmail.com
Tanya
Kansal
9874568547
UP
245101
Kannauj
Kanpur
xyabxt@gmail.com
Prashant
Kumar
98754788777
UP
245524
]]></system-out>
  <system-err><![CDATA[]]></system-err>
</testsuite>
