<?xml version="1.0" encoding="UTF-8"?>
<testsuite name="AddressServiceTest" tests="1" skipped="0" failures="0" errors="0" timestamp="2021-05-26T16:13:04" hostname="LAPTOP-Q9T3UUC8" time="1.183">
  <properties/>
  <testcase name="givenNewContact_WhenAdded_ShouldSyncWithDB()" classname="AddressServiceTest" time="1.183"/>
  <system-out><![CDATA[]]></system-out>
  <system-err><![CDATA[]]></system-err>
</testsuite>
